0 info it worked if it ends with ok
1 verbose cli [ 'C:\\Program Files\\nodejs\\node.exe',
1 verbose cli   'C:\\Users\\gabri\\AppData\\Roaming\\npm\\node_modules\\npm\\bin\\npm-cli.js',
1 verbose cli   'run',
1 verbose cli   'tsc:w' ]
2 info using npm@3.10.8
3 info using node@v6.7.0
4 verbose run-script [ 'pretsc:w', 'tsc:w', 'posttsc:w' ]
5 info lifecycle angular2-quickstart@1.0.0~pretsc:w: angular2-quickstart@1.0.0
6 silly lifecycle angular2-quickstart@1.0.0~pretsc:w: no script for pretsc:w, continuing
7 info lifecycle angular2-quickstart@1.0.0~tsc:w: angular2-quickstart@1.0.0
8 verbose lifecycle angular2-quickstart@1.0.0~tsc:w: unsafe-perm in lifecycle true
9 verbose lifecycle angular2-quickstart@1.0.0~tsc:w: PATH: C:\Users\gabri\AppData\Roaming\npm\node_modules\npm\bin\node-gyp-bin;C:\Users\gabri\Desktop\project-posts\node_modules\.bin;C:\Users\gabri\AppData\Roaming\npm\node_modules\npm\bin\node-gyp-bin;C:\Users\gabri\Desktop\project-posts\node_modules\.bin;C:\WINDOWS\system32;C:\WINDOWS;C:\WINDOWS\System32\Wbem;C:\WINDOWS\System32\WindowsPowerShell\v1.0\;C:\Program Files (x86)\NVIDIA Corporation\PhysX\Common;C:\Program Files (x86)\Skype\Phone\;C:\WINDOWS\system32\config\systemprofile\.dnx\bin;C:\Program Files\Microsoft DNX\Dnvm\;C:\Program Files\Microsoft SQL Server\130\Tools\Binn\;C:\Program Files (x86)\Microsoft SQL Server\Client SDK\ODBC\130\Tools\Binn\;C:\Program Files (x86)\Microsoft SQL Server\130\Tools\Binn\;C:\Program Files (x86)\Microsoft SQL Server\130\DTS\Binn\;C:\Program Files (x86)\Microsoft SQL Server\130\Tools\Binn\ManagementStudio\;C:\Program Files\nodejs\;C:\Program Files\Git\cmd;C:\Users\gabri\AppData\Local\Microsoft\WindowsApps;;C:\Program Files (x86)\Microsoft VS Code\bin;C:\Users\gabri\AppData\Roaming\npm
10 verbose lifecycle angular2-quickstart@1.0.0~tsc:w: CWD: C:\Users\gabri\Desktop\project-posts
11 silly lifecycle angular2-quickstart@1.0.0~tsc:w: Args: [ '/d /s /c', 'tsc -w' ]
12 verbose stack Error: kill ENOSYS
12 verbose stack     at exports._errnoException (util.js:1036:11)
12 verbose stack     at process.kill (internal/process.js:172:13)
12 verbose stack     at process.listener (C:\Users\gabri\AppData\Roaming\npm\node_modules\npm\node_modules\npmlog\node_modules\gauge\node_modules\signal-exit\index.js:86:15)
12 verbose stack     at emitNone (events.js:91:20)
12 verbose stack     at process.emit (events.js:185:7)
12 verbose stack     at processEmit (C:\Users\gabri\AppData\Roaming\npm\node_modules\npm\node_modules\npmlog\node_modules\gauge\node_modules\signal-exit\index.js:146:32)
12 verbose stack     at processEmit (C:\Users\gabri\AppData\Roaming\npm\node_modules\npm\node_modules\npm-registry-client\node_modules\npmlog\node_modules\gauge\node_modules\signal-exit\index.js:146:32)
12 verbose stack     at Signal.wrap.onsignal (internal/process.js:199:44)
13 verbose cwd C:\Users\gabri\Desktop\project-posts
14 error Windows_NT 10.0.14393
15 error argv "C:\\Program Files\\nodejs\\node.exe" "C:\\Users\\gabri\\AppData\\Roaming\\npm\\node_modules\\npm\\bin\\npm-cli.js" "run" "tsc:w"
16 error node v6.7.0
17 error npm  v3.10.8
18 error code ENOSYS
19 error errno ENOSYS
20 error syscall kill
21 error kill ENOSYS
22 error If you need help, you may report this error at:
22 error     <https://github.com/npm/npm/issues>
23 verbose exit [ 1, true ]
